[2m2022-05-23 00:50:39.276[0;39m [32m INFO[0;39m [35m5004[0;39m [2m---[0;39m [2m[on(2)-127.0.0.1][0;39m [36minMXBeanRegistrar$SpringApplicationAdmin[0;39m [2m:[0;39m Application shutdown requested.
[2m2022-05-23 09:10:51.736[0;39m [32m INFO[0;39m [35m6140[0;39m [2m---[0;39m [2m[  restartedMain][0;39m [36m.e.DevToolsPropertyDefaultsPostProcessor[0;39m [2m:[0;39m Devtools property defaults active! Set 'spring.devtools.add-properties' to 'false' to disable
[2m2022-05-23 09:10:51.739[0;39m [32m INFO[0;39m [35m6140[0;39m [2m---[0;39m [2m[  restartedMain][0;39m [36m.e.DevToolsPropertyDefaultsPostProcessor[0;39m [2m:[0;39m For additional web related logging consider setting the 'logging.level.web' property to 'DEBUG'
[2m2022-05-23 09:10:53.414[0;39m [32m INFO[0;39m [35m6140[0;39m [2m---[0;39m [2m[  restartedMain][0;39m [36mo.s.b.w.embedded.tomcat.TomcatWebServer [0;39m [2m:[0;39m Tomcat initialized with port(s): 9999 (http)
[2m2022-05-23 09:10:53.664[0;39m [32m INFO[0;39m [35m6140[0;39m [2m---[0;39m [2m[  restartedMain][0;39m [36mw.s.c.ServletWebServerApplicationContext[0;39m [2m:[0;39m Root WebApplicationContext: initialization completed in 1923 ms
[2m2022-05-23 09:10:54.518[0;39m [32m INFO[0;39m [35m6140[0;39m [2m---[0;39m [2m[  restartedMain][0;39m [36mo.s.b.d.a.OptionalLiveReloadServer      [0;39m [2m:[0;39m LiveReload server is running on port 35729
[2m2022-05-23 09:10:54.743[0;39m [32m INFO[0;39m [35m6140[0;39m [2m---[0;39m [2m[  restartedMain][0;39m [36mo.s.b.w.embedded.tomcat.TomcatWebServer [0;39m [2m:[0;39m Tomcat started on port(s): 9999 (http) with context path '/vue'
[2m2022-05-23 09:11:09.049[0;39m [32m INFO[0;39m [35m6140[0;39m [2m---[0;39m [2m[nio-9999-exec-4][0;39m [36mo.s.web.servlet.DispatcherServlet       [0;39m [2m:[0;39m Initializing Servlet 'dispatcherServlet'
[2m2022-05-23 09:11:09.051[0;39m [32m INFO[0;39m [35m6140[0;39m [2m---[0;39m [2m[nio-9999-exec-4][0;39m [36mo.s.web.servlet.DispatcherServlet       [0;39m [2m:[0;39m Completed initialization in 1 ms
[2m2022-05-23 09:19:14.802[0;39m [32mDEBUG[0;39m [35m6140[0;39m [2m---[0;39m [2m[nio-9999-exec-4][0;39m [36mc.ssafy.vue.controller.BoardController  [0;39m [2m:[0;39m retrieveBoard - 호출
[2m2022-05-23 09:19:26.765[0;39m [32mDEBUG[0;39m [35m6140[0;39m [2m---[0;39m [2m[io-9999-exec-10][0;39m [36mc.ssafy.vue.controller.MemberController [0;39m [2m:[0;39m 로그인 토큰정보 : eyJ0eXAiOiJKV1QiLCJyZWdEYXRlIjoxNjUzMjY1MTY2NzQxLCJhbGciOiJIUzI1NiJ9.eyJleHAiOjE2NTMyNjg3NjYsInN1YiI6ImFjY2Vzcy10b2tlbiIsInVzZXJpZCI6ImFkbWluIn0.p18q-K3R4gj0tfaHAj5HlrLro8B8IOIrReTXZrx-JK8
[2m2022-05-23 09:19:26.801[0;39m [32m INFO[0;39m [35m6140[0;39m [2m---[0;39m [2m[nio-9999-exec-3][0;39m [36mc.ssafy.vue.controller.MemberController [0;39m [2m:[0;39m 사용 가능한 토큰!!!
[2m2022-05-23 09:19:29.824[0;39m [32mDEBUG[0;39m [35m6140[0;39m [2m---[0;39m [2m[nio-9999-exec-6][0;39m [36mc.ssafy.vue.controller.BoardController  [0;39m [2m:[0;39m retrieveBoard - 호출
[2m2022-05-23 09:19:42.222[0;39m [32mDEBUG[0;39m [35m6140[0;39m [2m---[0;39m [2m[nio-9999-exec-9][0;39m [36mc.ssafy.vue.controller.BoardController  [0;39m [2m:[0;39m detailBoard - 호출
[2m2022-05-23 09:19:45.890[0;39m [32mDEBUG[0;39m [35m6140[0;39m [2m---[0;39m [2m[nio-9999-exec-4][0;39m [36mc.ssafy.vue.controller.BoardController  [0;39m [2m:[0;39m retrieveBoard - 호출
[2m2022-05-23 09:19:47.169[0;39m [32mDEBUG[0;39m [35m6140[0;39m [2m---[0;39m [2m[nio-9999-exec-1][0;39m [36mc.ssafy.vue.controller.BoardController  [0;39m [2m:[0;39m detailBoard - 호출
[2m2022-05-23 09:19:50.811[0;39m [33m WARN[0;39m [35m6140[0;39m [2m---[0;39m [2m[nio-9999-exec-8][0;39m [36m.w.s.m.s.DefaultHandlerExceptionResolver[0;39m [2m:[0;39m Resolved [org.springframework.web.HttpRequestMethodNotSupportedException: Request method 'POST' not supported]
[2m2022-05-23 09:19:59.311[0;39m [32mDEBUG[0;39m [35m6140[0;39m [2m---[0;39m [2m[nio-9999-exec-3][0;39m [36mc.ssafy.vue.controller.BoardController  [0;39m [2m:[0;39m retrieveBoard - 호출
[2m2022-05-23 09:20:09.592[0;39m [32mDEBUG[0;39m [35m6140[0;39m [2m---[0;39m [2m[nio-9999-exec-5][0;39m [36mc.ssafy.vue.controller.MemberController [0;39m [2m:[0;39m 로그인 토큰정보 : eyJ0eXAiOiJKV1QiLCJyZWdEYXRlIjoxNjUzMjY1MjA5NTkyLCJhbGciOiJIUzI1NiJ9.eyJleHAiOjE2NTMyNjg4MDksInN1YiI6ImFjY2Vzcy10b2tlbiIsInVzZXJpZCI6InNzYWZ5In0.l7eXqyVkV3vOzqwTmej8nH5pJ-yuTnvew1RpT9pZg5Q
[2m2022-05-23 09:20:09.600[0;39m [32m INFO[0;39m [35m6140[0;39m [2m---[0;39m [2m[io-9999-exec-10][0;39m [36mc.ssafy.vue.controller.MemberController [0;39m [2m:[0;39m 사용 가능한 토큰!!!
[2m2022-05-23 09:20:13.109[0;39m [32mDEBUG[0;39m [35m6140[0;39m [2m---[0;39m [2m[nio-9999-exec-8][0;39m [36mc.ssafy.vue.controller.BoardController  [0;39m [2m:[0;39m retrieveBoard - 호출
[2m2022-05-23 09:20:14.023[0;39m [32mDEBUG[0;39m [35m6140[0;39m [2m---[0;39m [2m[nio-9999-exec-3][0;39m [36mc.ssafy.vue.controller.BoardController  [0;39m [2m:[0;39m detailBoard - 호출
[2m2022-05-23 09:20:16.596[0;39m [32mDEBUG[0;39m [35m6140[0;39m [2m---[0;39m [2m[nio-9999-exec-6][0;39m [36mc.ssafy.vue.controller.BoardController  [0;39m [2m:[0;39m detailBoard - 호출
[2m2022-05-23 09:20:17.818[0;39m [32mDEBUG[0;39m [35m6140[0;39m [2m---[0;39m [2m[nio-9999-exec-9][0;39m [36mc.ssafy.vue.controller.BoardController  [0;39m [2m:[0;39m retrieveBoard - 호출
[2m2022-05-23 09:20:19.122[0;39m [32mDEBUG[0;39m [35m6140[0;39m [2m---[0;39m [2m[nio-9999-exec-5][0;39m [36mc.ssafy.vue.controller.BoardController  [0;39m [2m:[0;39m detailBoard - 호출
[2m2022-05-23 09:20:27.561[0;39m [32mDEBUG[0;39m [35m6140[0;39m [2m---[0;39m [2m[io-9999-exec-10][0;39m [36mc.ssafy.vue.controller.BoardController  [0;39m [2m:[0;39m retrieveBoard - 호출
[2m2022-05-23 09:20:39.555[0;39m [32mDEBUG[0;39m [35m6140[0;39m [2m---[0;39m [2m[nio-9999-exec-1][0;39m [36mc.ssafy.vue.controller.BoardController  [0;39m [2m:[0;39m detailBoard - 호출
[2m2022-05-23 09:20:40.534[0;39m [32mDEBUG[0;39m [35m6140[0;39m [2m---[0;39m [2m[nio-9999-exec-8][0;39m [36mc.ssafy.vue.controller.BoardController  [0;39m [2m:[0;39m retrieveBoard - 호출
[2m2022-05-23 11:04:40.408[0;39m [32m INFO[0;39m [35m6140[0;39m [2m---[0;39m [2m[on(2)-127.0.0.1][0;39m [36minMXBeanRegistrar$SpringApplicationAdmin[0;39m [2m:[0;39m Application shutdown requested.
[2m2022-05-23 11:05:06.009[0;39m [32m INFO[0;39m [35m22708[0;39m [2m---[0;39m [2m[  restartedMain][0;39m [36m.e.DevToolsPropertyDefaultsPostProcessor[0;39m [2m:[0;39m Devtools property defaults active! Set 'spring.devtools.add-properties' to 'false' to disable
[2m2022-05-23 11:05:06.011[0;39m [32m INFO[0;39m [35m22708[0;39m [2m---[0;39m [2m[  restartedMain][0;39m [36m.e.DevToolsPropertyDefaultsPostProcessor[0;39m [2m:[0;39m For additional web related logging consider setting the 'logging.level.web' property to 'DEBUG'
[2m2022-05-23 11:05:07.287[0;39m [32m INFO[0;39m [35m22708[0;39m [2m---[0;39m [2m[  restartedMain][0;39m [36mo.s.b.w.embedded.tomcat.TomcatWebServer [0;39m [2m:[0;39m Tomcat initialized with port(s): 9999 (http)
[2m2022-05-23 11:05:07.487[0;39m [32m INFO[0;39m [35m22708[0;39m [2m---[0;39m [2m[  restartedMain][0;39m [36mw.s.c.ServletWebServerApplicationContext[0;39m [2m:[0;39m Root WebApplicationContext: initialization completed in 1475 ms
[2m2022-05-23 11:05:08.223[0;39m [32m INFO[0;39m [35m22708[0;39m [2m---[0;39m [2m[  restartedMain][0;39m [36mo.s.b.d.a.OptionalLiveReloadServer      [0;39m [2m:[0;39m LiveReload server is running on port 35729
[2m2022-05-23 11:05:08.393[0;39m [32m INFO[0;39m [35m22708[0;39m [2m---[0;39m [2m[  restartedMain][0;39m [36mo.s.b.w.embedded.tomcat.TomcatWebServer [0;39m [2m:[0;39m Tomcat started on port(s): 9999 (http) with context path '/vue'
[2m2022-05-23 11:05:14.410[0;39m [32m INFO[0;39m [35m22708[0;39m [2m---[0;39m [2m[nio-9999-exec-1][0;39m [36mo.s.web.servlet.DispatcherServlet       [0;39m [2m:[0;39m Initializing Servlet 'dispatcherServlet'
[2m2022-05-23 11:05:14.412[0;39m [32m INFO[0;39m [35m22708[0;39m [2m---[0;39m [2m[nio-9999-exec-1][0;39m [36mo.s.web.servlet.DispatcherServlet       [0;39m [2m:[0;39m Completed initialization in 1 ms
[2m2022-05-23 11:05:14.438[0;39m [32mDEBUG[0;39m [35m22708[0;39m [2m---[0;39m [2m[nio-9999-exec-1][0;39m [36mc.ssafy.vue.controller.NoticeController [0;39m [2m:[0;39m retrieveBoard - 호출
[2m2022-05-23 11:05:16.806[0;39m [32mDEBUG[0;39m [35m22708[0;39m [2m---[0;39m [2m[nio-9999-exec-2][0;39m [36mc.ssafy.vue.controller.BoardController  [0;39m [2m:[0;39m retrieveBoard - 호출
[2m2022-05-23 11:05:18.038[0;39m [32mDEBUG[0;39m [35m22708[0;39m [2m---[0;39m [2m[nio-9999-exec-3][0;39m [36mc.ssafy.vue.controller.BoardController  [0;39m [2m:[0;39m detailBoard - 호출
[2m2022-05-23 11:05:21.378[0;39m [32mDEBUG[0;39m [35m22708[0;39m [2m---[0;39m [2m[nio-9999-exec-5][0;39m [36mc.ssafy.vue.controller.BoardController  [0;39m [2m:[0;39m retrieveBoard - 호출
[2m2022-05-23 11:05:23.629[0;39m [32mDEBUG[0;39m [35m22708[0;39m [2m---[0;39m [2m[nio-9999-exec-6][0;39m [36mc.ssafy.vue.controller.BoardController  [0;39m [2m:[0;39m detailBoard - 호출
[2m2022-05-23 11:05:24.837[0;39m [32mDEBUG[0;39m [35m22708[0;39m [2m---[0;39m [2m[nio-9999-exec-8][0;39m [36mc.ssafy.vue.controller.BoardController  [0;39m [2m:[0;39m retrieveBoard - 호출
[2m2022-05-23 11:05:30.050[0;39m [32mDEBUG[0;39m [35m22708[0;39m [2m---[0;39m [2m[nio-9999-exec-9][0;39m [36mc.ssafy.vue.controller.NoticeController [0;39m [2m:[0;39m retrieveBoard - 호출
[2m2022-05-23 11:05:31.345[0;39m [32mDEBUG[0;39m [35m22708[0;39m [2m---[0;39m [2m[io-9999-exec-10][0;39m [36mc.ssafy.vue.controller.NoticeController [0;39m [2m:[0;39m detailBoard - 호출
[2m2022-05-23 11:05:33.739[0;39m [32mDEBUG[0;39m [35m22708[0;39m [2m---[0;39m [2m[nio-9999-exec-2][0;39m [36mc.ssafy.vue.controller.NoticeController [0;39m [2m:[0;39m retrieveBoard - 호출
[2m2022-05-23 11:05:35.861[0;39m [32mDEBUG[0;39m [35m22708[0;39m [2m---[0;39m [2m[nio-9999-exec-4][0;39m [36mc.ssafy.vue.controller.BoardController  [0;39m [2m:[0;39m retrieveBoard - 호출
[2m2022-05-23 11:05:43.393[0;39m [32mDEBUG[0;39m [35m22708[0;39m [2m---[0;39m [2m[nio-9999-exec-3][0;39m [36mc.ssafy.vue.controller.BoardController  [0;39m [2m:[0;39m detailBoard - 호출
[2m2022-05-23 11:05:44.243[0;39m [32mDEBUG[0;39m [35m22708[0;39m [2m---[0;39m [2m[nio-9999-exec-7][0;39m [36mc.ssafy.vue.controller.BoardController  [0;39m [2m:[0;39m retrieveBoard - 호출
[2m2022-05-23 13:06:56.215[0;39m [32mDEBUG[0;39m [35m22708[0;39m [2m---[0;39m [2m[nio-9999-exec-4][0;39m [36mc.ssafy.vue.controller.NoticeController [0;39m [2m:[0;39m retrieveBoard - 호출
[2m2022-05-23 13:07:03.170[0;39m [32mDEBUG[0;39m [35m22708[0;39m [2m---[0;39m [2m[nio-9999-exec-5][0;39m [36mc.ssafy.vue.controller.BoardController  [0;39m [2m:[0;39m retrieveBoard - 호출
[2m2022-05-23 13:07:06.663[0;39m [32mDEBUG[0;39m [35m22708[0;39m [2m---[0;39m [2m[nio-9999-exec-3][0;39m [36mc.ssafy.vue.controller.NoticeController [0;39m [2m:[0;39m retrieveBoard - 호출
[2m2022-05-23 13:07:12.133[0;39m [32mDEBUG[0;39m [35m22708[0;39m [2m---[0;39m [2m[nio-9999-exec-8][0;39m [36mc.ssafy.vue.controller.NoticeController [0;39m [2m:[0;39m retrieveBoard - 호출
[2m2022-05-23 18:24:42.197[0;39m [32mDEBUG[0;39m [35m22708[0;39m [2m---[0;39m [2m[nio-9999-exec-9][0;39m [36mc.ssafy.vue.controller.NoticeController [0;39m [2m:[0;39m retrieveBoard - 호출
[2m2022-05-23 18:24:49.691[0;39m [32mDEBUG[0;39m [35m22708[0;39m [2m---[0;39m [2m[nio-9999-exec-1][0;39m [36mc.ssafy.vue.controller.BoardController  [0;39m [2m:[0;39m retrieveBoard - 호출
[2m2022-05-23 18:24:52.726[0;39m [32mDEBUG[0;39m [35m22708[0;39m [2m---[0;39m [2m[io-9999-exec-10][0;39m [36mc.ssafy.vue.controller.BoardController  [0;39m [2m:[0;39m detailBoard - 호출
[2m2022-05-23 18:24:55.541[0;39m [32mDEBUG[0;39m [35m22708[0;39m [2m---[0;39m [2m[nio-9999-exec-4][0;39m [36mc.ssafy.vue.controller.BoardController  [0;39m [2m:[0;39m retrieveBoard - 호출
[2m2022-05-23 18:24:58.419[0;39m [32mDEBUG[0;39m [35m22708[0;39m [2m---[0;39m [2m[nio-9999-exec-5][0;39m [36mc.ssafy.vue.controller.BoardController  [0;39m [2m:[0;39m detailBoard - 호출
[2m2022-05-23 18:24:59.241[0;39m [32mDEBUG[0;39m [35m22708[0;39m [2m---[0;39m [2m[nio-9999-exec-7][0;39m [36mc.ssafy.vue.controller.BoardController  [0;39m [2m:[0;39m retrieveBoard - 호출
[2m2022-05-23 18:25:00.228[0;39m [32mDEBUG[0;39m [35m22708[0;39m [2m---[0;39m [2m[nio-9999-exec-6][0;39m [36mc.ssafy.vue.controller.BoardController  [0;39m [2m:[0;39m detailBoard - 호출
[2m2022-05-23 18:25:00.831[0;39m [32mDEBUG[0;39m [35m22708[0;39m [2m---[0;39m [2m[nio-9999-exec-9][0;39m [36mc.ssafy.vue.controller.BoardController  [0;39m [2m:[0;39m retrieveBoard - 호출
[2m2022-05-23 18:25:01.994[0;39m [32mDEBUG[0;39m [35m22708[0;39m [2m---[0;39m [2m[nio-9999-exec-1][0;39m [36mc.ssafy.vue.controller.NoticeController [0;39m [2m:[0;39m retrieveBoard - 호출
[2m2022-05-23 18:25:03.044[0;39m [32mDEBUG[0;39m [35m22708[0;39m [2m---[0;39m [2m[nio-9999-exec-2][0;39m [36mc.ssafy.vue.controller.NoticeController [0;39m [2m:[0;39m detailBoard - 호출
[2m2022-05-23 18:25:07.250[0;39m [32mDEBUG[0;39m [35m22708[0;39m [2m---[0;39m [2m[nio-9999-exec-4][0;39m [36mc.ssafy.vue.controller.NoticeController [0;39m [2m:[0;39m retrieveBoard - 호출
[2m2022-05-23 21:02:51.406[0;39m [32m INFO[0;39m [35m22708[0;39m [2m---[0;39m [2m[on(2)-127.0.0.1][0;39m [36minMXBeanRegistrar$SpringApplicationAdmin[0;39m [2m:[0;39m Application shutdown requested.
[2m2022-05-23 21:04:09.091[0;39m [32m INFO[0;39m [35m3600[0;39m [2m---[0;39m [2m[  restartedMain][0;39m [36m.e.DevToolsPropertyDefaultsPostProcessor[0;39m [2m:[0;39m Devtools property defaults active! Set 'spring.devtools.add-properties' to 'false' to disable
[2m2022-05-23 21:04:09.097[0;39m [32m INFO[0;39m [35m3600[0;39m [2m---[0;39m [2m[  restartedMain][0;39m [36m.e.DevToolsPropertyDefaultsPostProcessor[0;39m [2m:[0;39m For additional web related logging consider setting the 'logging.level.web' property to 'DEBUG'
[2m2022-05-23 21:04:11.214[0;39m [32m INFO[0;39m [35m3600[0;39m [2m---[0;39m [2m[  restartedMain][0;39m [36mo.s.b.w.embedded.tomcat.TomcatWebServer [0;39m [2m:[0;39m Tomcat initialized with port(s): 9999 (http)
[2m2022-05-23 21:04:11.515[0;39m [32m INFO[0;39m [35m3600[0;39m [2m---[0;39m [2m[  restartedMain][0;39m [36mw.s.c.ServletWebServerApplicationContext[0;39m [2m:[0;39m Root WebApplicationContext: initialization completed in 2417 ms
[2m2022-05-23 21:04:12.545[0;39m [32m INFO[0;39m [35m3600[0;39m [2m---[0;39m [2m[  restartedMain][0;39m [36mo.s.b.d.a.OptionalLiveReloadServer      [0;39m [2m:[0;39m LiveReload server is running on port 35729
[2m2022-05-23 21:04:12.819[0;39m [32m INFO[0;39m [35m3600[0;39m [2m---[0;39m [2m[  restartedMain][0;39m [36mo.s.b.w.embedded.tomcat.TomcatWebServer [0;39m [2m:[0;39m Tomcat started on port(s): 9999 (http) with context path '/vue'
[2m2022-05-23 21:04:15.169[0;39m [32m INFO[0;39m [35m3600[0;39m [2m---[0;39m [2m[nio-9999-exec-1][0;39m [36mo.s.web.servlet.DispatcherServlet       [0;39m [2m:[0;39m Initializing Servlet 'dispatcherServlet'
[2m2022-05-23 21:04:15.171[0;39m [32m INFO[0;39m [35m3600[0;39m [2m---[0;39m [2m[nio-9999-exec-1][0;39m [36mo.s.web.servlet.DispatcherServlet       [0;39m [2m:[0;39m Completed initialization in 2 ms
[2m2022-05-23 21:10:53.159[0;39m [32mDEBUG[0;39m [35m3600[0;39m [2m---[0;39m [2m[nio-9999-exec-6][0;39m [36mc.ssafy.vue.controller.NoticeController [0;39m [2m:[0;39m retrieveBoard - 호출
[2m2022-05-23 21:10:58.181[0;39m [32mDEBUG[0;39m [35m3600[0;39m [2m---[0;39m [2m[nio-9999-exec-5][0;39m [36mc.ssafy.vue.controller.BoardController  [0;39m [2m:[0;39m retrieveBoard - 호출
[2m2022-05-23 21:10:59.292[0;39m [32mDEBUG[0;39m [35m3600[0;39m [2m---[0;39m [2m[nio-9999-exec-8][0;39m [36mc.ssafy.vue.controller.BoardController  [0;39m [2m:[0;39m detailBoard - 호출
[2m2022-05-23 21:11:00.106[0;39m [32mDEBUG[0;39m [35m3600[0;39m [2m---[0;39m [2m[io-9999-exec-10][0;39m [36mc.ssafy.vue.controller.BoardController  [0;39m [2m:[0;39m retrieveBoard - 호출
[2m2022-05-23 21:11:01.000[0;39m [32mDEBUG[0;39m [35m3600[0;39m [2m---[0;39m [2m[nio-9999-exec-1][0;39m [36mc.ssafy.vue.controller.NoticeController [0;39m [2m:[0;39m retrieveBoard - 호출
[2m2022-05-23 21:11:01.867[0;39m [32mDEBUG[0;39m [35m3600[0;39m [2m---[0;39m [2m[nio-9999-exec-4][0;39m [36mc.ssafy.vue.controller.NoticeController [0;39m [2m:[0;39m detailBoard - 호출
